<?xml version="1.0" encoding="UTF-8"?>
<testsuite name="com.udacity.gradle.PersonTest" tests="4" skipped="0" failures="0" errors="0" timestamp="2017-04-28T21:05:26" hostname="DESKTOP-2BJ1T5E" time="0.003">
  <properties/>
  <testcase name="getAge" classname="com.udacity.gradle.PersonTest" time="0.001"/>
  <testcase name="main" classname="com.udacity.gradle.PersonTest" time="0.001"/>
  <testcase name="getFirstName" classname="com.udacity.gradle.PersonTest" time="0.001"/>
  <testcase name="getLastName" classname="com.udacity.gradle.PersonTest" time="0.0"/>
  <system-out><![CDATA[]]></system-out>
  <system-err><![CDATA[]]></system-err>
</testsuite>
